<?xml version="1.0" encoding="UTF-8"?>
<!-- Generated by org.testng.reporters.JUnitReportReporter -->
<testsuite hostname="DESKTOP-SEGDMQH" failures="0" tests="1" name="gmibank.com.tests.US_03_Test" time="4.571" errors="0" timestamp="2021-11-28T18:19:55 CET" skipped="0">
  <testcase classname="gmibank.com.tests.US_03_Test" name="TC0303" time="4.571"/>
  <system-out/>
</testsuite> <!-- gmibank.com.tests.US_03_Test -->
