<?xml version="1.0" encoding="UTF-8"?>
<!-- Generated by org.testng.reporters.JUnitReportReporter -->
<testsuite hostname="DESKTOP-SEGDMQH" failures="0" tests="2" name="gmibank.com.tests.US_04_Test" time="11.334" errors="0" timestamp="2021-11-28T18:19:55 CET" skipped="0">
  <testcase classname="gmibank.com.tests.US_04_Test" name="tc0402" time="5.062"/>
  <system-out/>
  <testcase classname="gmibank.com.tests.US_04_Test" name="tc0401" time="6.272"/>
  <system-out/>
</testsuite> <!-- gmibank.com.tests.US_04_Test -->
