<?xml version="1.0" encoding="UTF-8"?>
<!-- Generated by org.testng.reporters.JUnitReportReporter -->
<testsuite hostname="DESKTOP-SEGDMQH" failures="0" tests="3" name="gmibank.com.tests.US_07_Test" time="30.215" errors="0" timestamp="2021-11-28T18:19:55 CET" skipped="0">
  <testcase classname="gmibank.com.tests.US_07_Test" name="TC_0702" time="7.711"/>
  <system-out/>
  <testcase classname="gmibank.com.tests.US_07_Test" name="TC_0701" time="19.288"/>
  <system-out/>
  <testcase classname="gmibank.com.tests.US_07_Test" name="TC_0703" time="3.216"/>
  <system-out/>
</testsuite> <!-- gmibank.com.tests.US_07_Test -->
